<?xml version="1.0" encoding="UTF-8"?>
<!-- Generated by org.testng.reporters.JUnitXMLReporter -->
<testsuite ignored="0" hostname="DESKTOP-N4UOH9V" failures="0" tests="5" name="Test" time="2.742" errors="0" timestamp="2021-11-23T18:40:07 EST">
  <testcase classname="Testcase.TC_VedeoGameAP" name="TC_getAllVedeoGames" time="1.753"/>
  <testcase classname="Testcase.TC_VedeoGameAP" name="test_addNewVideoGame" time="0.212"/>
  <testcase classname="Testcase.TC_VedeoGameAP" name="test_getVideoGame" time="0.598"/>
  <testcase classname="Testcase.TC_VedeoGameAP" name="test_putVideoGame" time="0.086"/>
  <testcase classname="Testcase.TC_VedeoGameAP" name="test_deleteVideoGame" time="0.027"/>
</testsuite> <!-- Test -->
