<?xml version="1.0" encoding="UTF-8"?>
<testng-results ignored="0" total="5" passed="5" failed="0" skipped="0">
  <reporter-output>
  </reporter-output>
  <suite started-at="2021-11-23T18:40:05 EST" name="Suite" finished-at="2021-11-23T18:40:07 EST" duration-ms="2742">
    <groups>
    </groups>
    <test started-at="2021-11-23T18:40:05 EST" name="Test" finished-at="2021-11-23T18:40:07 EST" duration-ms="2742">
      <class name="Testcase.TC_VedeoGameAP">
        <test-method signature="TC_getAllVedeoGames()[pri:1, instance:Testcase.TC_VedeoGameAP@3bf9ce3e]" started-at="2021-11-23T18:40:05 EST" name="TC_getAllVedeoGames" finished-at="2021-11-23T18:40:06 EST" duration-ms="1753" status="PASS">
          <reporter-output>
          </reporter-output>
        </test-method> <!-- TC_getAllVedeoGames -->
        <test-method signature="test_addNewVideoGame()[pri:2, instance:Testcase.TC_VedeoGameAP@3bf9ce3e]" started-at="2021-11-23T18:40:06 EST" name="test_addNewVideoGame" finished-at="2021-11-23T18:40:07 EST" duration-ms="212" status="PASS">
          <reporter-output>
          </reporter-output>
        </test-method> <!-- test_addNewVideoGame -->
        <test-method signature="test_getVideoGame()[pri:3, instance:Testcase.TC_VedeoGameAP@3bf9ce3e]" started-at="2021-11-23T18:40:07 EST" name="test_getVideoGame" finished-at="2021-11-23T18:40:07 EST" duration-ms="598" status="PASS">
          <reporter-output>
          </reporter-output>
        </test-method> <!-- test_getVideoGame -->
        <test-method signature="test_putVideoGame()[pri:4, instance:Testcase.TC_VedeoGameAP@3bf9ce3e]" started-at="2021-11-23T18:40:07 EST" name="test_putVideoGame" finished-at="2021-11-23T18:40:07 EST" duration-ms="86" status="PASS">
          <reporter-output>
          </reporter-output>
        </test-method> <!-- test_putVideoGame -->
        <test-method signature="test_deleteVideoGame()[pri:5, instance:Testcase.TC_VedeoGameAP@3bf9ce3e]" started-at="2021-11-23T18:40:07 EST" name="test_deleteVideoGame" finished-at="2021-11-23T18:40:07 EST" duration-ms="27" status="PASS">
          <reporter-output>
          </reporter-output>
        </test-method> <!-- test_deleteVideoGame -->
      </class> <!-- Testcase.TC_VedeoGameAP -->
    </test> <!-- Test -->
  </suite> <!-- Suite -->
</testng-results>
